<?xml version="1.0" encoding="UTF-8"?>
<!-- Generated by org.testng.reporters.JUnitXMLReporter -->
<testsuite ignored="4" hostname="DESKTOP-GA1O7MP" failures="0" tests="1" name="Default test(failed)" time="0.095" errors="0" timestamp="2022-03-23T04:47:50 IST">
  <testcase classname="failedXML_Study.Failed_XML1" name="Method3" time="0.017"/>
  <testcase classname="failedXML_Study.Failed_XML1" name="Method2" time="0.0">
    <ignored/>
  </testcase> <!-- Method2 -->
  <testcase classname="failedXML_Study.Failed_XML1" name="Method1" time="0.0">
    <ignored/>
  </testcase> <!-- Method1 -->
  <testcase classname="failedXML_Study.Failed_XML1" name="Method4" time="0.0">
    <ignored/>
  </testcase> <!-- Method4 -->
  <testcase classname="failedXML_Study.Failed_XML1" name="Method5" time="0.0">
    <ignored/>
  </testcase> <!-- Method5 -->
</testsuite> <!-- Default test(failed) -->
