<?xml version="1.0" encoding="UTF-8"?>
<!-- Generated by org.testng.reporters.JUnitXMLReporter -->
<testsuite ignored="10" hostname="DESKTOP-GA1O7MP" failures="0" tests="2" name="CombineGroupingClass1_Class2" time="0.104" errors="0" timestamp="2022-03-23T04:07:35 IST">
  <testcase classname="testNG_Grouping_Concept.GroupingClass2" name="TestCase12" time="0.017"/>
  <testcase classname="testNG_Grouping_Concept.GroupingClass1" name="TestCase6" time="0.002"/>
  <testcase classname="testNG_Grouping_Concept.GroupingClass2" name="TestCase8" time="0.0">
    <ignored/>
  </testcase> <!-- TestCase8 -->
  <testcase classname="testNG_Grouping_Concept.GroupingClass2" name="TestCase7" time="0.0">
    <ignored/>
  </testcase> <!-- TestCase7 -->
  <testcase classname="testNG_Grouping_Concept.GroupingClass2" name="TestCase10" time="0.0">
    <ignored/>
  </testcase> <!-- TestCase10 -->
  <testcase classname="testNG_Grouping_Concept.GroupingClass1" name="TestCase3" time="0.0">
    <ignored/>
  </testcase> <!-- TestCase3 -->
  <testcase classname="testNG_Grouping_Concept.GroupingClass2" name="TestCase9" time="0.0">
    <ignored/>
  </testcase> <!-- TestCase9 -->
  <testcase classname="testNG_Grouping_Concept.GroupingClass2" name="TestCase11" time="0.0">
    <ignored/>
  </testcase> <!-- TestCase11 -->
  <testcase classname="testNG_Grouping_Concept.GroupingClass1" name="TestCase5" time="0.0">
    <ignored/>
  </testcase> <!-- TestCase5 -->
  <testcase classname="testNG_Grouping_Concept.GroupingClass1" name="TestCase2" time="0.0">
    <ignored/>
  </testcase> <!-- TestCase2 -->
  <testcase classname="testNG_Grouping_Concept.GroupingClass1" name="TestCase4" time="0.0">
    <ignored/>
  </testcase> <!-- TestCase4 -->
  <testcase classname="testNG_Grouping_Concept.GroupingClass1" name="TestCase1" time="0.0">
    <ignored/>
  </testcase> <!-- TestCase1 -->
</testsuite> <!-- CombineGroupingClass1_Class2 -->
