<?xml version="1.0" encoding="UTF-8"?>
<!-- Generated by org.testng.reporters.JUnitXMLReporter -->
<testsuite ignored="6" hostname="DESKTOP-GA1O7MP" failures="0" tests="6" name="CombineGroupingOfClass1_Class2" time="0.148" errors="0" timestamp="2022-03-23T04:03:23 IST">
  <testcase classname="testNG_Grouping_Concept.GroupingClass2" name="TestCase11" time="0.02"/>
  <testcase classname="testNG_Grouping_Concept.GroupingClass2" name="TestCase7" time="0.003"/>
  <testcase classname="testNG_Grouping_Concept.GroupingClass2" name="TestCase9" time="0.006"/>
  <testcase classname="testNG_Grouping_Concept.GroupingClass1" name="TestCase1" time="0.002"/>
  <testcase classname="testNG_Grouping_Concept.GroupingClass1" name="TestCase3" time="0.005"/>
  <testcase classname="testNG_Grouping_Concept.GroupingClass1" name="TestCase5" time="0.003"/>
  <testcase classname="testNG_Grouping_Concept.GroupingClass2" name="TestCase8" time="0.0">
    <ignored/>
  </testcase> <!-- TestCase8 -->
  <testcase classname="testNG_Grouping_Concept.GroupingClass1" name="TestCase6" time="0.0">
    <ignored/>
  </testcase> <!-- TestCase6 -->
  <testcase classname="testNG_Grouping_Concept.GroupingClass2" name="TestCase10" time="0.0">
    <ignored/>
  </testcase> <!-- TestCase10 -->
  <testcase classname="testNG_Grouping_Concept.GroupingClass1" name="TestCase2" time="0.0">
    <ignored/>
  </testcase> <!-- TestCase2 -->
  <testcase classname="testNG_Grouping_Concept.GroupingClass1" name="TestCase4" time="0.0">
    <ignored/>
  </testcase> <!-- TestCase4 -->
  <testcase classname="testNG_Grouping_Concept.GroupingClass2" name="TestCase12" time="0.0">
    <ignored/>
  </testcase> <!-- TestCase12 -->
</testsuite> <!-- CombineGroupingOfClass1_Class2 -->
