<?xml version="1.0" encoding="UTF-8"?>
<!-- Generated by org.testng.reporters.JUnitXMLReporter -->
<testsuite ignored="3" hostname="DESKTOP-GA1O7MP" failures="0" tests="3" name="GroupingOfSingleClass" time="0.132" errors="0" timestamp="2022-03-23T03:55:51 IST">
  <testcase classname="testNG_Grouping_Concept.GroupingClass1" name="TestCase1" time="0.015"/>
  <testcase classname="testNG_Grouping_Concept.GroupingClass1" name="TestCase3" time="0.003"/>
  <testcase classname="testNG_Grouping_Concept.GroupingClass1" name="TestCase5" time="0.003"/>
  <testcase classname="testNG_Grouping_Concept.GroupingClass1" name="TestCase6" time="0.0">
    <ignored/>
  </testcase> <!-- TestCase6 -->
  <testcase classname="testNG_Grouping_Concept.GroupingClass1" name="TestCase2" time="0.0">
    <ignored/>
  </testcase> <!-- TestCase2 -->
  <testcase classname="testNG_Grouping_Concept.GroupingClass1" name="TestCase4" time="0.0">
    <ignored/>
  </testcase> <!-- TestCase4 -->
</testsuite> <!-- GroupingOfSingleClass -->
