<?xml version="1.0" encoding="UTF-8"?>
<!-- Generated by org.testng.reporters.JUnitXMLReporter -->
<testsuite ignored="3" hostname="DESKTOP-GA1O7MP" failures="0" tests="3" name="GroupingOfSingleClass2" time="0.123" errors="0" timestamp="2022-03-23T03:59:29 IST">
  <testcase classname="testNG_Grouping_Concept.GroupingClass2" name="TestCase10" time="0.02"/>
  <testcase classname="testNG_Grouping_Concept.GroupingClass2" name="TestCase12" time="0.003"/>
  <testcase classname="testNG_Grouping_Concept.GroupingClass2" name="TestCase8" time="0.003"/>
  <testcase classname="testNG_Grouping_Concept.GroupingClass2" name="TestCase7" time="0.0">
    <ignored/>
  </testcase> <!-- TestCase7 -->
  <testcase classname="testNG_Grouping_Concept.GroupingClass2" name="TestCase9" time="0.0">
    <ignored/>
  </testcase> <!-- TestCase9 -->
  <testcase classname="testNG_Grouping_Concept.GroupingClass2" name="TestCase11" time="0.0">
    <ignored/>
  </testcase> <!-- TestCase11 -->
</testsuite> <!-- GroupingOfSingleClass2 -->
