<?xml version="1.0" encoding="UTF-8"?>
<!-- Generated by org.testng.reporters.JUnitXMLReporter -->
<testsuite ignored="5" hostname="DESKTOP-GA1O7MP" failures="0" tests="5" name="Include_Exclude_MethodsFromBothClass" time="0.134" errors="0" timestamp="2022-03-23T04:33:57 IST">
  <testcase classname="testNG_Include_Exclude.Include_Exclude2" name="TestCase6" time="0.02"/>
  <testcase classname="testNG_Include_Exclude.Include_Exclude2" name="TestCase8" time="0.004"/>
  <testcase classname="testNG_Include_Exclude.Include_Exclude1" name="TestCase2" time="0.001"/>
  <testcase classname="testNG_Include_Exclude.Include_Exclude1" name="TestCase4" time="0.004"/>
  <testcase classname="testNG_Include_Exclude.Include_Exclude1" name="TestCase5" time="0.003"/>
  <testcase classname="testNG_Include_Exclude.Include_Exclude1" name="TestCase1" time="0.0">
    <ignored/>
  </testcase> <!-- TestCase1 -->
  <testcase classname="testNG_Include_Exclude.Include_Exclude2" name="TestCase10" time="0.0">
    <ignored/>
  </testcase> <!-- TestCase10 -->
  <testcase classname="testNG_Include_Exclude.Include_Exclude2" name="TestCase9" time="0.0">
    <ignored/>
  </testcase> <!-- TestCase9 -->
  <testcase classname="testNG_Include_Exclude.Include_Exclude2" name="TestCase7" time="0.0">
    <ignored/>
  </testcase> <!-- TestCase7 -->
  <testcase classname="testNG_Include_Exclude.Include_Exclude1" name="TestCase3" time="0.0">
    <ignored/>
  </testcase> <!-- TestCase3 -->
</testsuite> <!-- Include_Exclude_MethodsFromBothClass -->
