<?xml version="1.0" encoding="UTF-8"?>
<!-- Generated by org.testng.reporters.JUnitXMLReporter -->
<testsuite ignored="0" hostname="DESKTOP-GA1O7MP" failures="2" tests="8" name="ITListener_Testing_1Testing" time="0.216" errors="0" timestamp="2022-04-02T16:05:33 IST">
  <testcase classname="listener_Study.ITListener_1Testing" name="Fmethod" time="0.016"/>
  <testcase classname="listener_Study.ITListener_1Testing" name="Imethod" time="0.006">
    <failure type="java.lang.AssertionError" message="null">
      <![CDATA[java.lang.AssertionError: null
at listener_Study.ITListener_1Testing.Imethod(ITListener_1Testing.java:23)
at java.base/java.util.ArrayList.forEach(ArrayList.java:1511)
... Removed 29 stack frames]]>
    </failure>
  </testcase> <!-- Imethod -->
  <testcase classname="listener_Study.ITListener_1Testing" name="Emethod" time="0.003"/>
  <testcase classname="listener_Study.ITListener_1Testing" name="Jmethod" time="0.0">
    <skipped/>
  </testcase> <!-- Jmethod -->
  <testcase classname="listener_Study.ITListener_Testing" name="Amethod" time="0.002"/>
  <testcase classname="listener_Study.ITListener_Testing" name="Bmethod" time="0.007"/>
  <testcase classname="listener_Study.ITListener_Testing" name="Cmethod" time="0.002">
    <failure type="java.lang.AssertionError" message="null">
      <![CDATA[java.lang.AssertionError: null
at listener_Study.ITListener_Testing.Cmethod(ITListener_Testing.java:23)
at java.base/java.util.ArrayList.forEach(ArrayList.java:1511)
... Removed 29 stack frames]]>
    </failure>
  </testcase> <!-- Cmethod -->
  <testcase classname="listener_Study.ITListener_Testing" name="Dmethod" time="0.0">
    <skipped/>
  </testcase> <!-- Dmethod -->
</testsuite> <!-- ITListener_Testing_1Testing -->
