<?xml version="1.0" encoding="UTF-8"?>
<!-- Generated by org.testng.reporters.JUnitXMLReporter -->
<testsuite ignored="2" hostname="DESKTOP-GA1O7MP" failures="0" tests="2" name="Keyword_Priority" time="0.207" errors="0" timestamp="2022-03-21T00:15:00 IST">
  <testcase classname="testNG_Keywords.Keyword_Priority" name="Method1" time="0.029"/>
  <testcase classname="testNG_Keywords.Keyword_Priority" name="Method3" time="0.002"/>
  <testcase classname="testNG_Keywords.Keyword_Priority" name="Method" time="0.0">
    <ignored/>
  </testcase> <!-- Method -->
  <testcase classname="testNG_Keywords.Keyword_Priority" name="Method2" time="0.0">
    <ignored/>
  </testcase> <!-- Method2 -->
</testsuite> <!-- Keyword_Priority -->
