<?xml version="1.0" encoding="UTF-8"?>
<!-- Generated by org.testng.reporters.JUnitXMLReporter -->
<testsuite ignored="2" hostname="DESKTOP-GA1O7MP" failures="0" tests="11" name="Keyword_Combine_Class" time="1.199" errors="0" timestamp="2022-03-21T00:24:37 IST">
  <testcase classname="testNG_Keywords.Keyword_depends_On_Methods" name="Aa" time="1.039"/>
  <testcase classname="testNG_Keywords.Keyword_depends_On_Methods" name="Cc" time="0.003"/>
  <testcase classname="testNG_Keywords.Keyword_depends_On_Methods" name="Cc" time="0.004"/>
  <testcase classname="testNG_Keywords.Keyword_depends_On_Methods" name="Bb" time="0.003"/>
  <testcase classname="testNG_Keywords.Keyword_depends_On_Methods" name="Dd" time="0.002"/>
  <testcase classname="testNG_Keywords.Keyword_Enabled" name="A" time="0.001"/>
  <testcase classname="testNG_Keywords.Keyword_Enabled" name="D" time="0.001"/>
  <testcase classname="testNG_Keywords.Keyword_Enabled" name="Y" time="0.001"/>
  <testcase classname="testNG_Keywords.Keyword_InvocationCount" name="Method" time="0.002"/>
  <testcase classname="testNG_Keywords.Keyword_InvocationCount" name="Method" time="0.002"/>
  <testcase classname="testNG_Keywords.Keyword_InvocationCount" name="Method" time="0.002"/>
  <testcase classname="testNG_Keywords.Keyword_Enabled" name="B" time="0.0">
    <ignored/>
  </testcase> <!-- B -->
  <testcase classname="testNG_Keywords.Keyword_Enabled" name="R" time="0.0">
    <ignored/>
  </testcase> <!-- R -->
</testsuite> <!-- Keyword_Combine_Class -->
