<?xml version="1.0" encoding="UTF-8"?>
<!-- Generated by org.testng.reporters.JUnitXMLReporter -->
<testsuite ignored="3" hostname="DESKTOP-GA1O7MP" failures="0" tests="2" name="Keyword_Enabled" time="0.106" errors="0" timestamp="2022-03-20T23:55:30 IST">
  <testcase classname="testNG_Keywords.Keyword_Enabled" name="A" time="0.018"/>
  <testcase classname="testNG_Keywords.Keyword_Enabled" name="Y" time="0.003"/>
  <testcase classname="testNG_Keywords.Keyword_Enabled" name="B" time="0.0">
    <ignored/>
  </testcase> <!-- B -->
  <testcase classname="testNG_Keywords.Keyword_Enabled" name="R" time="0.0">
    <ignored/>
  </testcase> <!-- R -->
  <testcase classname="testNG_Keywords.Keyword_Enabled" name="D" time="0.0">
    <ignored/>
  </testcase> <!-- D -->
</testsuite> <!-- Keyword_Enabled -->
